<?xml version="1.0" encoding="UTF-8"?>
<!-- Generated by org.testng.reporters.JUnitReportReporter -->
<testsuite skipped="0" hostname="EPBGSOFL0252" name="Openchrome" tests="1" failures="0" timestamp="28 Oct 2020 08:42:32 GMT" time="12.514" errors="0">
  <testcase name="test12" time="12.514" classname="Openchrome"/>
</testsuite> <!-- Openchrome -->
